<?xml version="1.0" encoding="UTF-8"?>
<!-- Generated by org.testng.reporters.JUnitReportReporter -->
<testsuite hostname="DESKTOP-VA3AMHQ" failures="0" tests="1" name="tests.InitialTest" time="5.591" errors="0" timestamp="2025-02-20T10:05:40 EET" skipped="0">
  <testcase classname="tests.InitialTest" name="submitOrderTest" time="5.591"/>
</testsuite> <!-- tests.InitialTest -->
