<?xml version="1.0" encoding="UTF-8"?>
<!-- Generated by org.testng.reporters.JUnitReportReporter -->
<testsuite hostname="DESKTOP-VA3AMHQ" failures="0" tests="1" name="errorValidationTests.LandingPageErrorValidation" time="4.220" errors="0" timestamp="2025-02-23T14:24:06 EET" skipped="0">
  <testcase classname="errorValidationTests.LandingPageErrorValidation" name="AttemptCheckoutWithoutProduct" time="4.220"/>
</testsuite> <!-- errorValidationTests.LandingPageErrorValidation -->
