<?xml version="1.0" encoding="UTF-8"?>
<!-- Generated by org.testng.reporters.JUnitReportReporter -->
<testsuite hostname="DESKTOP-VA3AMHQ" failures="0" tests="5" name="tests.SubmitOrderTest" time="34.971" errors="0" timestamp="2025-02-23T14:24:06 EET" skipped="0">
  <testcase classname="tests.SubmitOrderTest" name="findProductDealTest" time="4.276"/>
  <testcase classname="tests.SubmitOrderTest" name="submitOrderWithPromoCodeTest" time="11.440"/>
  <testcase classname="tests.SubmitOrderTest" name="submitOrderNoPromoCodeTest" time="6.186"/>
  <testcase classname="tests.SubmitOrderTest" name="submitOrderSearchProductTest" time="5.145"/>
  <testcase classname="tests.SubmitOrderTest" name="submitOrderAllProductsOnceTest" time="7.924"/>
</testsuite> <!-- tests.SubmitOrderTest -->
